[16:26:26] [modloading-worker-0/INFO] ========================================
[16:26:26] [modloading-worker-0/INFO] Minecraft: 1.20.1
[16:26:26] [modloading-worker-0/INFO] Side: server
[16:26:26] [modloading-worker-0/INFO] Development: false
[16:26:26] [modloading-worker-0/INFO] Version: 12.1.725
[16:26:26] [modloading-worker-0/INFO] Loader:
[16:26:26] [modloading-worker-0/INFO] - Forge: 47.3.22
[16:26:26] [modloading-worker-0/INFO] Dependencies:
[16:26:26] [modloading-worker-0/INFO] - Cloth Config: 11.1.118
[16:26:26] [modloading-worker-0/INFO] - Architectury: 9.2.14
[16:26:26] [modloading-worker-0/INFO] Mixin: 0.8.5
[16:26:26] [modloading-worker-0/INFO] OS: Windows 11 10.0 (amd64)
[16:26:26] [modloading-worker-0/INFO] Java: 22.0.2 (Oracle Corporation)
[16:26:26] [modloading-worker-0/INFO] ========================================
[16:26:26] [modloading-worker-0/INFO] Mods:
[16:26:26] [modloading-worker-0/INFO] - advancementplaques: 1.5.1
[16:26:26] [modloading-worker-0/INFO] - alexscaves: 2.0.2
[16:26:26] [modloading-worker-0/INFO] - alexsmobs: 1.22.7
[16:26:26] [modloading-worker-0/INFO] - amendments: 1.20-1.2.12
[16:26:26] [modloading-worker-0/INFO] - appleskin: 2.5.1+mc1.20.1
[16:26:26] [modloading-worker-0/INFO] - architectury: 9.2.14
[16:26:26] [modloading-worker-0/INFO] - artifacts: 9.5.7
[16:26:26] [modloading-worker-0/INFO] - astemirlib: 1.25
[16:26:26] [modloading-worker-0/INFO] - azurelib: 2.0.39
[16:26:26] [modloading-worker-0/INFO] - balm: 7.3.9
[16:26:26] [modloading-worker-0/INFO] - betterarcheology: 1.1.9-1.20.1
[16:26:26] [modloading-worker-0/INFO] - betterdungeons: 1.20-Forge-4.0.3
[16:26:26] [modloading-worker-0/INFO] - betterendisland: 1.20-Forge-2.0.6
[16:26:26] [modloading-worker-0/INFO] - betterfortresses: 1.20-Forge-2.0.6
[16:26:26] [modloading-worker-0/INFO] - bettermineshafts: 1.20-Forge-4.0.4
[16:26:26] [modloading-worker-0/INFO] - betteroceanmonuments: 1.20-Forge-3.0.4
[16:26:26] [modloading-worker-0/INFO] - betterwitchhuts: 1.20-Forge-3.0.3
[16:26:26] [modloading-worker-0/INFO] - biomeswevegone: 1.4.4
[16:26:26] [modloading-worker-0/INFO] - bookshelf: 20.2.13
[16:26:26] [modloading-worker-0/INFO] - born_in_chaos_v1: 1.5.2
[16:26:26] [modloading-worker-0/INFO] - botarium: 2.3.3
[16:26:26] [modloading-worker-0/INFO] - caelus: 3.2.0+1.20.1
[16:26:26] [modloading-worker-0/INFO] - cataclysm: 2.26
[16:26:26] [modloading-worker-0/INFO] - chat_heads: 0.12.2
[16:26:26] [modloading-worker-0/INFO] - citadel: 2.6.0
[16:26:26] [modloading-worker-0/INFO] - cloth_config: 11.1.118
[16:26:26] [modloading-worker-0/INFO] - cofh_core: 11.0.2
[16:26:26] [modloading-worker-0/INFO] - comforts: 6.4.0+1.20.1
[16:26:26] [modloading-worker-0/INFO] - controlling: 12.0.2
[16:26:26] [modloading-worker-0/INFO] - corgilib: 4.0.3.2
[16:26:26] [modloading-worker-0/INFO] - corpse: 1.20.1-1.0.19
[16:26:26] [modloading-worker-0/INFO] - create: 0.5.1.f
[16:26:26] [modloading-worker-0/INFO] - create_dragon_lib: 1.4.3
[16:26:26] [modloading-worker-0/INFO] - create_enchantment_industry: 1.2.9.d
[16:26:26] [modloading-worker-0/INFO] - createaddition: 1.20.1-1.2.4c
[16:26:26] [modloading-worker-0/INFO] - createoreexcavation: 1.5.3
[16:26:26] [modloading-worker-0/INFO] - creativecore: 2.11.28
[16:26:26] [modloading-worker-0/INFO] - creeperoverhaul: 3.0.2
[16:26:26] [modloading-worker-0/INFO] - cristellib: 1.1.5
[16:26:26] [modloading-worker-0/INFO] - cupboard: 1.20.1-2.6
[16:26:26] [modloading-worker-0/INFO] - curios: 5.9.1+1.20.1
[16:26:26] [modloading-worker-0/INFO] - deeperdarker: 1.2.1
[16:26:26] [modloading-worker-0/INFO] - dungeons_arise: 2.1.58-1.20.x
[16:26:26] [modloading-worker-0/INFO] - dyenamics: 1.20.1-3.2.0
[16:26:26] [modloading-worker-0/INFO] - dynamiclights: 1.20.1.2
[16:26:26] [modloading-worker-0/INFO] - easymagic: 8.0.1
[16:26:26] [modloading-worker-0/INFO] - easyshulkerboxes: 8.0.1
[16:26:26] [modloading-worker-0/INFO] - elevatorid: 1.20.1-lex-1.9
[16:26:26] [modloading-worker-0/INFO] - emojiful: 4.2.0
[16:26:26] [modloading-worker-0/INFO] - endermanoverhaul: 1.0.4
[16:26:26] [modloading-worker-0/INFO] - endrem: 5.3.3-R-1.20.1
[16:26:26] [modloading-worker-0/INFO] - etched: 3.0.2
[16:26:26] [modloading-worker-0/INFO] - expandability: 9.0.4
[16:26:26] [modloading-worker-0/INFO] - fallingtrees: 0.12.7
[16:26:26] [modloading-worker-0/INFO] - farmersdelight: 1.20.1-1.2.5
[16:26:26] [modloading-worker-0/INFO] - farsight_view: 1.20.1-3.6
[16:26:26] [modloading-worker-0/INFO] - ferritecore: 6.0.1
[16:26:26] [modloading-worker-0/INFO] - flywheel: 0.6.10-7
[16:26:26] [modloading-worker-0/INFO] - forge: 47.3.22
[16:26:26] [modloading-worker-0/INFO] - formations: 1.0.2
[16:26:26] [modloading-worker-0/INFO] - formationsnether: 1.0.5
[16:26:26] [modloading-worker-0/INFO] - friendsandfoes: 2.0.10
[16:26:26] [modloading-worker-0/INFO] - fzzy_config: 0.5.8+1.20.1+forge
[16:26:26] [modloading-worker-0/INFO] - galosphere: 1.20.1-1.4.1
[16:26:26] [modloading-worker-0/INFO] - geckolib: 4.4.6
[16:26:26] [modloading-worker-0/INFO] - graveyard: 3.1
[16:26:26] [modloading-worker-0/INFO] - hammerlib: 20.1.25
[16:26:26] [modloading-worker-0/INFO] - highlighter: 1.1.9
[16:26:26] [modloading-worker-0/INFO] - hoporp: 1.3.7
[16:26:26] [modloading-worker-0/INFO] - hopour: 1.1.4
[16:26:26] [modloading-worker-0/INFO] - hourglass: 1.2.1.1
[16:26:26] [modloading-worker-0/INFO] - iceberg: 1.1.21
[16:26:26] [modloading-worker-0/INFO] - illageandspillage: 1.2.2
[16:26:26] [modloading-worker-0/INFO] - immersive_weathering: 1.20.1-2.0.3
[16:26:26] [modloading-worker-0/INFO] - incendium: 5.3.5
[16:26:26] [modloading-worker-0/INFO] - infernalmobs: 1.20.1.3
[16:26:26] [modloading-worker-0/INFO] - integrated_api: 1.5.1+1.20.1-forge
[16:26:26] [modloading-worker-0/INFO] - integrated_stronghold: 1.1.1+1.20.1-forge
[16:26:26] [modloading-worker-0/INFO] - inventoryprofilesnext: 1.10.10
[16:26:26] [modloading-worker-0/INFO] - jeed: 1.20-2.2.1
[16:26:26] [modloading-worker-0/INFO] - journeymap: 5.9.23
[16:26:26] [modloading-worker-0/INFO] - kotlinforforge: 4.11.0
[16:26:26] [modloading-worker-0/INFO] - kuma_api: 20.1.8
[16:26:26] [modloading-worker-0/INFO] - l_g_c: 0.7
[16:26:26] [modloading-worker-0/INFO] - libipn: 4.0.2
[16:26:26] [modloading-worker-0/INFO] - lionfishapi: 2.4-Fix
[16:26:26] [modloading-worker-0/INFO] - lootr: 0.7.35.90
[16:26:26] [modloading-worker-0/INFO] - luckys_armory: 0.4.0.1
[16:26:26] [modloading-worker-0/INFO] - mca: 7.5.14+1.20.1
[16:26:26] [modloading-worker-0/INFO] - minecraft: 1.20.1
[16:26:26] [modloading-worker-0/INFO] - mixinextras: 0.4.1
[16:26:26] [modloading-worker-0/INFO] - mixinsquared: 0.1.1
[16:26:26] [modloading-worker-0/INFO] - mohist: 1.20.1
[16:26:26] [modloading-worker-0/INFO] - mokels_boss_mantyd: 1.0.0
[16:26:26] [modloading-worker-0/INFO] - mokels_witch_boss: 1.0.0
[16:26:26] [modloading-worker-0/INFO] - moonlight: 1.20-2.13.33
[16:26:26] [modloading-worker-0/INFO] - mowziesmobs: 1.6.4
[16:26:26] [modloading-worker-0/INFO] - mr_tidal_towns: 1.3
[16:26:26] [modloading-worker-0/INFO] - mutil: 6.1.1
[16:26:26] [modloading-worker-0/INFO] - mvs: 4.1.2-1.20-forge
[16:26:26] [modloading-worker-0/INFO] - necronomicon: 1.4.2
[16:26:26] [modloading-worker-0/INFO] - netherexp: 2.1.3
[16:26:26] [modloading-worker-0/INFO] - nullscape: 1.2.7
[16:26:26] [modloading-worker-0/INFO] - octolib: 0.3
[16:26:26] [modloading-worker-0/INFO] - ohthetreesyoullgrow: 1.20.1-1.3.1
[16:26:26] [modloading-worker-0/INFO] - overflowingbars: 8.0.0
[16:26:26] [modloading-worker-0/INFO] - pandalib: 0.4.2
[16:26:26] [modloading-worker-0/INFO] - patchouli: 1.20.1-84-FORGE
[16:26:26] [modloading-worker-0/INFO] - polymorph: 0.49.5+1.20.1
[16:26:26] [modloading-worker-0/INFO] - prism: 1.0.5
[16:26:26] [modloading-worker-0/INFO] - puzzlesaccessapi: 8.0.7
[16:26:26] [modloading-worker-0/INFO] - puzzlesapi: 8.1.4
[16:26:26] [modloading-worker-0/INFO] - puzzleslib: 8.1.20
[16:26:26] [modloading-worker-0/INFO] - quark: 4.0-460
[16:26:26] [modloading-worker-0/INFO] - raided: 0.1.4
[16:26:26] [modloading-worker-0/INFO] - redeco: 1.10.0
[16:26:26] [modloading-worker-0/INFO] - relics: 0.8.0.5
[16:26:26] [modloading-worker-0/INFO] - resourcefulconfig: 2.1.2
[16:26:26] [modloading-worker-0/INFO] - resourcefullib: 2.1.25
[16:26:26] [modloading-worker-0/INFO] - rightclickharvest: 3.2.3+1.20.1-forge
[16:26:26] [modloading-worker-0/INFO] - roughlyenoughitems: 12.1.725
[16:26:26] [modloading-worker-0/INFO] - royalvariations: 1.0.0
[16:26:26] [modloading-worker-0/INFO] - rpgsmw: 9.21.20.1
[16:26:26] [modloading-worker-0/INFO] - saturn: 0.1.3
[16:26:26] [modloading-worker-0/INFO] - shootglass: 2.0.2
[16:26:26] [modloading-worker-0/INFO] - slashblade: 0.1.2
[16:26:26] [modloading-worker-0/INFO] - sophisticatedbackpacks: 3.20.5.1044
[16:26:26] [modloading-worker-0/INFO] - sophisticatedcore: 0.6.22.611
[16:26:26] [modloading-worker-0/INFO] - spartanweaponry: 3.1.3
[16:26:26] [modloading-worker-0/INFO] - spectrelib: 0.13.15+1.20.1
[16:26:26] [modloading-worker-0/INFO] - storagedrawers: 12.9.13
[16:26:26] [modloading-worker-0/INFO] - structure_gel: 2.16.2
[16:26:26] [modloading-worker-0/INFO] - subtle_effects: 1.6.1
[16:26:26] [modloading-worker-0/INFO] - supplementaries: 1.20-3.1.11
[16:26:26] [modloading-worker-0/INFO] - terrablender: 3.0.1.7
[16:26:26] [modloading-worker-0/INFO] - thermal: 11.0.6
[16:26:26] [modloading-worker-0/INFO] - thermal_cultivation: 11.0.1
[16:26:26] [modloading-worker-0/INFO] - thermal_expansion: 11.0.1
[16:26:26] [modloading-worker-0/INFO] - thermal_foundation: 11.0.6
[16:26:26] [modloading-worker-0/INFO] - thermal_locomotion: 11.0.1
[16:26:26] [modloading-worker-0/INFO] - tinyallies: 1.20.1-1.0.2
[16:26:26] [modloading-worker-0/INFO] - trade_cycling: 1.20.1-1.0.7
[16:26:26] [modloading-worker-0/INFO] - travelerstitles: 1.20-Forge-4.0.2
[16:26:26] [modloading-worker-0/INFO] - traversable_leaves: 1.3.0-1.20.1
[16:26:26] [modloading-worker-0/INFO] - under_the_moon: 1.0.5
[16:26:26] [modloading-worker-0/INFO] - underground_villages: 2.1.0
[16:26:26] [modloading-worker-0/INFO] - vct: 1.20.1-2.0.2
[16:26:26] [modloading-worker-0/INFO] - voicechat: 1.20.1-2.5.26
[16:26:26] [modloading-worker-0/INFO] - waystones: 14.1.6
[16:26:26] [modloading-worker-0/INFO] - yungsapi: 1.20-Forge-4.0.5
[16:26:26] [modloading-worker-0/INFO] - yungsextras: 1.20-Forge-4.0.3
[16:26:26] [modloading-worker-0/INFO] - zeta: 1.0-24
[16:26:26] [modloading-worker-0/INFO] ========================================
[16:26:27] [modloading-worker-0/INFO] [REI] Registered plugin provider DefaultPluginImpl [roughlyenoughitems] for REIServerPlugin
[16:26:27] [modloading-worker-0/INFO] [REI] Registered plugin provider DefaultPluginImpl [roughlyenoughitems] for REIPlugin
[16:26:27] [modloading-worker-0/INFO] [REI] Registered plugin provider DefaultRuntimePlugin [roughlyenoughitems] for REIServerPlugin
[16:26:27] [modloading-worker-0/INFO] [REI] Registered plugin provider DefaultRuntimePlugin [roughlyenoughitems] for REIPlugin
[16:26:44] [Worker-Main-6/DEBUG] [REI] Processed 1 tags in 1.640 ms for minecraft:painting_variant[16:26:44] [Worker-Main-10/DEBUG] [REI] Processed 12 tags in 1.434 ms for minecraft:banner_pattern[16:26:44] [Worker-Main-3/DEBUG] [REI] Processed 4 tags in 1.798 ms for minecraft:mob_effect


[16:26:44] [Worker-Main-1/DEBUG] [REI] Processed 3 tags in 2.258 ms for minecraft:instrument
[16:26:44] [Worker-Main-5/DEBUG] [REI] Processed 27 tags in 1.830 ms for minecraft:fluid
[16:26:44] [Worker-Main-2/DEBUG] [REI] Processed 5 tags in 1.433 ms for minecraft:game_event
[16:26:44] [Worker-Main-7/DEBUG] [REI] Processed 0 tags in 5.700 μs for minecraft:worldgen/structure_set
[16:26:44] [Worker-Main-9/DEBUG] [REI] Processed 0 tags in 33.40 μs for minecraft:dimension_type
[16:26:44] [Worker-Main-5/DEBUG] [REI] Processed 2 tags in 17.40 μs for minecraft:enchantment
[16:26:44] [Worker-Main-6/DEBUG] [REI] Processed 0 tags in 9.700 μs for minecraft:worldgen/world_preset
[16:26:44] [Worker-Main-8/DEBUG] [REI] Processed 0 tags in 10.30 μs for moonlight:soft_fluids
[16:26:44] [Worker-Main-10/DEBUG] [REI] Processed 2 tags in 38.40 μs for minecraft:cat_variant
[16:26:44] [Worker-Main-1/DEBUG] [REI] Processed 1 tags in 16.70 μs for minecraft:potion
[16:26:44] [Worker-Main-8/DEBUG] [REI] Processed 1 tags in 13.80 μs for minecraft:recipe_serializer
[16:26:44] [Worker-Main-7/DEBUG] [REI] Processed 4 tags in 203.8 μs for minecraft:point_of_interest_type
[16:26:44] [Worker-Main-1/DEBUG] [REI] Processed 0 tags in 11.20 μs for minecraft:worldgen/flat_level_generator_preset
[16:26:44] [Worker-Main-7/DEBUG] [REI] Processed 28 tags in 118.5 μs for spartanweaponry:weapon_traits
[16:26:44] [Worker-Main-8/DEBUG] [REI] Processed 0 tags in 27.80 μs for minecraft:damage_type
[16:26:44] [Worker-Main-6/DEBUG] [REI] Processed 140 tags in 1.068 ms for minecraft:entity_type
[16:26:44] [Worker-Main-5/DEBUG] [REI] Processed 0 tags in 47.30 μs for minecraft:worldgen/structure
[16:26:44] [Worker-Main-11/DEBUG] [REI] Processed 0 tags in 249.3 μs for minecraft:worldgen/biome
[16:26:44] [Worker-Main-9/DEBUG] [REI] Processed 1274 tags in 9.491 ms for minecraft:item
[16:26:44] [Worker-Main-4/DEBUG] [REI] Processed 900 tags in 18.64 ms for minecraft:block
[16:26:46] [main/DEBUG] [REI] ========================================
[16:26:46] [main/DEBUG] [REI] REIPlugin starting pre-reload for START.
[16:26:46] [main/DEBUG] [REI] Reloadables (7):
[16:26:46] [main/DEBUG] [REI]  - EntryTypeRegistryImpl
[16:26:46] [main/DEBUG] [REI]  - EntrySettingsAdapterRegistryImpl
[16:26:46] [main/DEBUG] [REI]  - RecipeManagerContextImpl
[16:26:46] [main/DEBUG] [REI]  - ItemComparatorRegistryImpl
[16:26:46] [main/DEBUG] [REI]  - FluidComparatorRegistryImpl
[16:26:46] [main/DEBUG] [REI]  - DisplaySerializerRegistryImpl
[16:26:46] [main/DEBUG] [REI]  - FluidSupportProviderImpl
[16:26:46] [main/DEBUG] [REI] Plugins (2):
[16:26:46] [main/DEBUG] [REI]  - (-100.00) DefaultPluginImpl of DefaultPluginImpl [roughlyenoughitems]
[16:26:46] [main/DEBUG] [REI]  - (0.00) DefaultRuntimePlugin of DefaultRuntimePlugin [roughlyenoughitems]
[16:26:46] [main/DEBUG] [REI] ========================================
[16:26:46] [main/TRACE] [REI] [REIPlugin START] Reloading Section: "pre-register/"
[16:26:46] [main/TRACE] [REI] [REIPlugin START] Reloading Section: "pre-register/DefaultPluginImpl of DefaultPluginImpl [roughlyenoughitems]/"
[16:26:46] [main/TRACE] [REI] [REIPlugin START] Reloading Section: "pre-register/DefaultPluginImpl of DefaultPluginImpl [roughlyenoughitems]/" done in 797.9 μs
[16:26:46] [main/TRACE] [REI] [REIPlugin START] Reloading Section: "pre-register/DefaultRuntimePlugin of DefaultRuntimePlugin [roughlyenoughitems]/"
[16:26:46] [main/TRACE] [REI] [REIPlugin START] Reloading Section: "pre-register/DefaultRuntimePlugin of DefaultRuntimePlugin [roughlyenoughitems]/" done in 7.400 μs
[16:26:46] [main/TRACE] [REI] [REIPlugin START] Reloading Section: "pre-register/" done in 9.424 ms
[16:26:46] [main/TRACE] [REI] [REIPlugin START] Reloading Section: "pre-stage/"
[16:26:46] [main/TRACE] [REI] [REIPlugin START] Reloading Section: "pre-stage/EntryTypeRegistryImpl/"
[16:26:46] [main/TRACE] [REI] [REIPlugin START] Reloading Section: "pre-stage/EntryTypeRegistryImpl/" done in 116.7 μs
[16:26:46] [main/TRACE] [REI] [REIPlugin START] Reloading Section: "pre-stage/EntrySettingsAdapterRegistryImpl/"
[16:26:46] [main/TRACE] [REI] [REIPlugin START] Reloading Section: "pre-stage/EntrySettingsAdapterRegistryImpl/" done in 5.000 μs
[16:26:46] [main/TRACE] [REI] [REIPlugin START] Reloading Section: "pre-stage/RecipeManagerContextImpl/"
[16:26:46] [main/TRACE] [REI] [REIPlugin START] Reloading Section: "pre-stage/RecipeManagerContextImpl/" done in 3.900 μs
[16:26:46] [main/TRACE] [REI] [REIPlugin START] Reloading Section: "pre-stage/ItemComparatorRegistryImpl/"
[16:26:46] [main/TRACE] [REI] [REIPlugin START] Reloading Section: "pre-stage/ItemComparatorRegistryImpl/" done in 3.500 μs
[16:26:46] [main/TRACE] [REI] [REIPlugin START] Reloading Section: "pre-stage/FluidComparatorRegistryImpl/"
[16:26:46] [main/TRACE] [REI] [REIPlugin START] Reloading Section: "pre-stage/FluidComparatorRegistryImpl/" done in 3.700 μs
[16:26:46] [main/TRACE] [REI] [REIPlugin START] Reloading Section: "pre-stage/DisplaySerializerRegistryImpl/"
[16:26:46] [main/TRACE] [REI] [REIPlugin START] Reloading Section: "pre-stage/DisplaySerializerRegistryImpl/" done in 3.500 μs
[16:26:46] [main/TRACE] [REI] [REIPlugin START] Reloading Section: "pre-stage/FluidSupportProviderImpl/"
[16:26:46] [main/TRACE] [REI] [REIPlugin START] Reloading Section: "pre-stage/FluidSupportProviderImpl/" done in 3.600 μs
[16:26:46] [main/TRACE] [REI] [REIPlugin START] Reloading Section: "pre-stage/" done in 661.4 μs
[16:26:46] [main/DEBUG] [REI] ========================================
[16:26:46] [main/DEBUG] [REI] REIPlugin finished pre-reload for START in 13.69 ms.
[16:26:46] [main/DEBUG] [REI] ========================================
[16:26:46] [main/DEBUG] [REI] ========================================
[16:26:46] [main/DEBUG] [REI] REIServerPlugin starting pre-reload for START.
[16:26:46] [main/DEBUG] [REI] Reloadables (2):
[16:26:46] [main/DEBUG] [REI]  - MenuInfoRegistryImpl
[16:26:46] [main/DEBUG] [REI]  - SlotAccessorRegistryImpl
[16:26:46] [main/DEBUG] [REI] Plugins (2):
[16:26:46] [main/DEBUG] [REI]  - (-100.00) DefaultPluginImpl of DefaultPluginImpl [roughlyenoughitems]
[16:26:46] [main/DEBUG] [REI]  - (0.00) DefaultRuntimePlugin of DefaultRuntimePlugin [roughlyenoughitems]
[16:26:46] [main/DEBUG] [REI] ========================================
[16:26:46] [main/TRACE] [REI] [REIServerPlugin START] Reloading Section: "pre-register/"
[16:26:46] [main/TRACE] [REI] [REIServerPlugin START] Reloading Section: "pre-register/DefaultPluginImpl of DefaultPluginImpl [roughlyenoughitems]/"
[16:26:46] [main/TRACE] [REI] [REIServerPlugin START] Reloading Section: "pre-register/DefaultPluginImpl of DefaultPluginImpl [roughlyenoughitems]/" done in 9.500 μs
[16:26:46] [main/TRACE] [REI] [REIServerPlugin START] Reloading Section: "pre-register/DefaultRuntimePlugin of DefaultRuntimePlugin [roughlyenoughitems]/"
[16:26:46] [main/TRACE] [REI] [REIServerPlugin START] Reloading Section: "pre-register/DefaultRuntimePlugin of DefaultRuntimePlugin [roughlyenoughitems]/" done in 4.800 μs
[16:26:46] [main/TRACE] [REI] [REIServerPlugin START] Reloading Section: "pre-register/" done in 190.1 μs
[16:26:46] [main/TRACE] [REI] [REIServerPlugin START] Reloading Section: "pre-stage/"
[16:26:46] [main/TRACE] [REI] [REIServerPlugin START] Reloading Section: "pre-stage/MenuInfoRegistryImpl/"
[16:26:46] [main/TRACE] [REI] [REIServerPlugin START] Reloading Section: "pre-stage/MenuInfoRegistryImpl/" done in 4.300 μs
[16:26:46] [main/TRACE] [REI] [REIServerPlugin START] Reloading Section: "pre-stage/SlotAccessorRegistryImpl/"
[16:26:46] [main/TRACE] [REI] [REIServerPlugin START] Reloading Section: "pre-stage/SlotAccessorRegistryImpl/" done in 3.700 μs
[16:26:46] [main/TRACE] [REI] [REIServerPlugin START] Reloading Section: "pre-stage/" done in 137.0 μs
[16:26:46] [main/DEBUG] [REI] ========================================
[16:26:46] [main/DEBUG] [REI] REIServerPlugin finished pre-reload for START in 489.2 μs.
[16:26:46] [main/DEBUG] [REI] ========================================
[16:26:46] [main/INFO] [REI] ++++++++++++++++++++++++++++++++++++++++
[16:26:46] [main/INFO] [REI] REIPlugin starting main-reload for START.
[16:26:46] [main/DEBUG] [REI] Reloadables (7):
[16:26:46] [main/DEBUG] [REI]  - EntryTypeRegistryImpl
[16:26:46] [main/DEBUG] [REI]  - EntrySettingsAdapterRegistryImpl
[16:26:46] [main/DEBUG] [REI]  - RecipeManagerContextImpl
[16:26:46] [main/DEBUG] [REI]  - ItemComparatorRegistryImpl
[16:26:46] [main/DEBUG] [REI]  - FluidComparatorRegistryImpl
[16:26:46] [main/DEBUG] [REI]  - DisplaySerializerRegistryImpl
[16:26:46] [main/DEBUG] [REI]  - FluidSupportProviderImpl
[16:26:46] [main/INFO] [REI] Plugins (2):
[16:26:46] [main/INFO] [REI]  - (-100.00) DefaultPluginImpl of DefaultPluginImpl [roughlyenoughitems]
[16:26:46] [main/INFO] [REI]  - (0.00) DefaultRuntimePlugin of DefaultRuntimePlugin [roughlyenoughitems]
[16:26:46] [main/INFO] [REI] ++++++++++++++++++++++++++++++++++++++++
[16:26:46] [main/TRACE] [REI] [REIPlugin START] Reloading Section: "start-reload/"
[16:26:46] [main/TRACE] [REI] [REIPlugin START] Reloading Section: "start-reload/EntryTypeRegistryImpl/"
[16:26:46] [main/TRACE] [REI] [REIPlugin START] Reloading Section: "start-reload/EntryTypeRegistryImpl/" done in 44.40 μs
[16:26:46] [main/TRACE] [REI] [REIPlugin START] Reloading Section: "start-reload/EntrySettingsAdapterRegistryImpl/"
[16:26:46] [main/TRACE] [REI] [REIPlugin START] Reloading Section: "start-reload/EntrySettingsAdapterRegistryImpl/" done in 7.700 μs
[16:26:46] [main/TRACE] [REI] [REIPlugin START] Reloading Section: "start-reload/RecipeManagerContextImpl/"
[16:26:46] [main/TRACE] [REI] [REIPlugin START] Reloading Section: "start-reload/RecipeManagerContextImpl/" done in 3.900 μs
[16:26:46] [main/TRACE] [REI] [REIPlugin START] Reloading Section: "start-reload/ItemComparatorRegistryImpl/"
[16:26:46] [main/TRACE] [REI] [REIPlugin START] Reloading Section: "start-reload/ItemComparatorRegistryImpl/" done in 19.60 μs
[16:26:46] [main/TRACE] [REI] [REIPlugin START] Reloading Section: "start-reload/FluidComparatorRegistryImpl/"
[16:26:46] [main/TRACE] [REI] [REIPlugin START] Reloading Section: "start-reload/FluidComparatorRegistryImpl/" done in 5.100 μs
[16:26:46] [main/TRACE] [REI] [REIPlugin START] Reloading Section: "start-reload/DisplaySerializerRegistryImpl/"
[16:26:46] [main/TRACE] [REI] [REIPlugin START] Reloading Section: "start-reload/DisplaySerializerRegistryImpl/" done in 3.600 μs
[16:26:46] [main/TRACE] [REI] [REIPlugin START] Reloading Section: "start-reload/FluidSupportProviderImpl/"
[16:26:46] [main/TRACE] [REI] [REIPlugin START] Reloading Section: "start-reload/FluidSupportProviderImpl/" done in 14.00 μs
[16:26:46] [main/TRACE] [REI] [REIPlugin START] Reloading Section: "start-reload/" done in 742.8 μs
[16:26:46] [main/DEBUG] [REI] ========================================
[16:26:46] [main/DEBUG] [REI] REIPlugin started main-reload for START.
[16:26:46] [main/DEBUG] [REI] ========================================
[16:26:46] [main/TRACE] [REI] [REIPlugin START] Reloading Section: "reloadable-plugin/EntryTypeRegistryImpl/"
[16:26:46] [main/TRACE] [REI] [REIPlugin START] Reloading Section: "reloadable-plugin/EntryTypeRegistryImpl/DefaultPluginImpl of DefaultPluginImpl [roughlyenoughitems]/"
[16:26:46] [main/TRACE] [REI] [REIPlugin START] Reloading Section: "reloadable-plugin/EntryTypeRegistryImpl/DefaultPluginImpl of DefaultPluginImpl [roughlyenoughitems]/" done in 301.3 μs
[16:26:46] [main/TRACE] [REI] [REIPlugin START] Reloading Section: "reloadable-plugin/EntryTypeRegistryImpl/DefaultRuntimePlugin of DefaultRuntimePlugin [roughlyenoughitems]/"
[16:26:46] [main/TRACE] [REI] [REIPlugin START] Reloading Section: "reloadable-plugin/EntryTypeRegistryImpl/DefaultRuntimePlugin of DefaultRuntimePlugin [roughlyenoughitems]/" done in 7.134 ms
[16:26:46] [main/TRACE] [REI] [REIPlugin START] Reloading Section: "reloadable-plugin/EntryTypeRegistryImpl/" done in 8.090 ms
[16:26:46] [main/TRACE] [REI] [REIPlugin START] Reloading Section: "reloadable-plugin/EntrySettingsAdapterRegistryImpl/"
[16:26:46] [main/TRACE] [REI] [REIPlugin START] Reloading Section: "reloadable-plugin/EntrySettingsAdapterRegistryImpl/DefaultPluginImpl of DefaultPluginImpl [roughlyenoughitems]/"
[16:26:46] [main/TRACE] [REI] [REIPlugin START] Reloading Section: "reloadable-plugin/EntrySettingsAdapterRegistryImpl/DefaultPluginImpl of DefaultPluginImpl [roughlyenoughitems]/" done in 9.200 μs
[16:26:46] [main/TRACE] [REI] [REIPlugin START] Reloading Section: "reloadable-plugin/EntrySettingsAdapterRegistryImpl/DefaultRuntimePlugin of DefaultRuntimePlugin [roughlyenoughitems]/"
[16:26:46] [main/TRACE] [REI] [REIPlugin START] Reloading Section: "reloadable-plugin/EntrySettingsAdapterRegistryImpl/DefaultRuntimePlugin of DefaultRuntimePlugin [roughlyenoughitems]/" done in 6.400 μs
[16:26:46] [main/TRACE] [REI] [REIPlugin START] Reloading Section: "reloadable-plugin/EntrySettingsAdapterRegistryImpl/" done in 203.3 μs
[16:26:46] [main/TRACE] [REI] [REIPlugin START] Reloading Section: "reloadable-plugin/RecipeManagerContextImpl/"
[16:26:46] [main/TRACE] [REI] [REIPlugin START] Reloading Section: "reloadable-plugin/RecipeManagerContextImpl/DefaultPluginImpl of DefaultPluginImpl [roughlyenoughitems]/"
[16:26:46] [main/TRACE] [REI] [REIPlugin START] Reloading Section: "reloadable-plugin/RecipeManagerContextImpl/DefaultPluginImpl of DefaultPluginImpl [roughlyenoughitems]/" done in 7.800 μs
[16:26:46] [main/TRACE] [REI] [REIPlugin START] Reloading Section: "reloadable-plugin/RecipeManagerContextImpl/DefaultRuntimePlugin of DefaultRuntimePlugin [roughlyenoughitems]/"
[16:26:46] [main/TRACE] [REI] [REIPlugin START] Reloading Section: "reloadable-plugin/RecipeManagerContextImpl/DefaultRuntimePlugin of DefaultRuntimePlugin [roughlyenoughitems]/" done in 9.800 μs
[16:26:46] [main/TRACE] [REI] [REIPlugin START] Reloading Section: "reloadable-plugin/RecipeManagerContextImpl/" done in 285.1 μs
[16:26:46] [main/TRACE] [REI] [REIPlugin START] Reloading Section: "reloadable-plugin/ItemComparatorRegistryImpl/"
[16:26:46] [main/TRACE] [REI] [REIPlugin START] Reloading Section: "reloadable-plugin/ItemComparatorRegistryImpl/DefaultPluginImpl of DefaultPluginImpl [roughlyenoughitems]/"
[16:26:46] [main/TRACE] [REI] [REIPlugin START] Reloading Section: "reloadable-plugin/ItemComparatorRegistryImpl/DefaultPluginImpl of DefaultPluginImpl [roughlyenoughitems]/" done in 1.085 ms
[16:26:46] [main/TRACE] [REI] [REIPlugin START] Reloading Section: "reloadable-plugin/ItemComparatorRegistryImpl/DefaultRuntimePlugin of DefaultRuntimePlugin [roughlyenoughitems]/"
[16:26:46] [main/TRACE] [REI] [REIPlugin START] Reloading Section: "reloadable-plugin/ItemComparatorRegistryImpl/DefaultRuntimePlugin of DefaultRuntimePlugin [roughlyenoughitems]/" done in 9.200 μs
[16:26:46] [main/TRACE] [REI] [REIPlugin START] Reloading Section: "reloadable-plugin/ItemComparatorRegistryImpl/" done in 1.265 ms
[16:26:46] [main/TRACE] [REI] [REIPlugin START] Reloading Section: "reloadable-plugin/FluidComparatorRegistryImpl/"
[16:26:46] [main/TRACE] [REI] [REIPlugin START] Reloading Section: "reloadable-plugin/FluidComparatorRegistryImpl/DefaultPluginImpl of DefaultPluginImpl [roughlyenoughitems]/"
[16:26:46] [main/TRACE] [REI] [REIPlugin START] Reloading Section: "reloadable-plugin/FluidComparatorRegistryImpl/DefaultPluginImpl of DefaultPluginImpl [roughlyenoughitems]/" done in 11.10 μs
[16:26:46] [main/TRACE] [REI] [REIPlugin START] Reloading Section: "reloadable-plugin/FluidComparatorRegistryImpl/DefaultRuntimePlugin of DefaultRuntimePlugin [roughlyenoughitems]/"
[16:26:46] [main/TRACE] [REI] [REIPlugin START] Reloading Section: "reloadable-plugin/FluidComparatorRegistryImpl/DefaultRuntimePlugin of DefaultRuntimePlugin [roughlyenoughitems]/" done in 6.900 μs
[16:26:46] [main/TRACE] [REI] [REIPlugin START] Reloading Section: "reloadable-plugin/FluidComparatorRegistryImpl/" done in 167.4 μs
[16:26:46] [main/TRACE] [REI] [REIPlugin START] Reloading Section: "reloadable-plugin/DisplaySerializerRegistryImpl/"
[16:26:46] [main/TRACE] [REI] [REIPlugin START] Reloading Section: "reloadable-plugin/DisplaySerializerRegistryImpl/DefaultPluginImpl of DefaultPluginImpl [roughlyenoughitems]/"
[16:26:46] [main/TRACE] [REI] [REIPlugin START] Reloading Section: "reloadable-plugin/DisplaySerializerRegistryImpl/DefaultPluginImpl of DefaultPluginImpl [roughlyenoughitems]/" done in 9.200 μs
[16:26:46] [main/TRACE] [REI] [REIPlugin START] Reloading Section: "reloadable-plugin/DisplaySerializerRegistryImpl/DefaultRuntimePlugin of DefaultRuntimePlugin [roughlyenoughitems]/"
[16:26:46] [main/TRACE] [REI] [REIPlugin START] Reloading Section: "reloadable-plugin/DisplaySerializerRegistryImpl/DefaultRuntimePlugin of DefaultRuntimePlugin [roughlyenoughitems]/" done in 8.800 μs
[16:26:46] [main/TRACE] [REI] [REIPlugin START] Reloading Section: "reloadable-plugin/DisplaySerializerRegistryImpl/" done in 231.2 μs
[16:26:46] [main/TRACE] [REI] [REIPlugin START] Reloading Section: "reloadable-plugin/FluidSupportProviderImpl/"
[16:26:46] [main/TRACE] [REI] [REIPlugin START] Reloading Section: "reloadable-plugin/FluidSupportProviderImpl/DefaultPluginImpl of DefaultPluginImpl [roughlyenoughitems]/"
[16:26:46] [main/TRACE] [REI] [REIPlugin START] Reloading Section: "reloadable-plugin/FluidSupportProviderImpl/DefaultPluginImpl of DefaultPluginImpl [roughlyenoughitems]/" done in 1.098 ms
[16:26:46] [main/TRACE] [REI] [REIPlugin START] Reloading Section: "reloadable-plugin/FluidSupportProviderImpl/DefaultRuntimePlugin of DefaultRuntimePlugin [roughlyenoughitems]/"
[16:26:46] [main/TRACE] [REI] [REIPlugin START] Reloading Section: "reloadable-plugin/FluidSupportProviderImpl/DefaultRuntimePlugin of DefaultRuntimePlugin [roughlyenoughitems]/" done in 14.10 μs
[16:26:46] [main/TRACE] [REI] [REIPlugin START] Reloading Section: "reloadable-plugin/FluidSupportProviderImpl/" done in 1.392 ms
[16:26:46] [main/DEBUG] [REI] ========================================
[16:26:46] [main/DEBUG] [REI] REIPlugin ending main-reload for START.
[16:26:46] [main/DEBUG] [REI] ========================================
[16:26:46] [main/TRACE] [REI] [REIPlugin START] Reloading Section: "end-reload/"
[16:26:46] [main/TRACE] [REI] [REIPlugin START] Reloading Section: "end-reload/EntryTypeRegistryImpl/"
[16:26:46] [main/TRACE] [REI] [REIPlugin START] Reloading Section: "end-reload/EntryTypeRegistryImpl/" done in 9.600 μs
[16:26:46] [main/TRACE] [REI] [REIPlugin START] Reloading Section: "end-reload/EntrySettingsAdapterRegistryImpl/"
[16:26:46] [main/TRACE] [REI] [REIPlugin START] Reloading Section: "end-reload/EntrySettingsAdapterRegistryImpl/" done in 4.100 μs
[16:26:46] [main/TRACE] [REI] [REIPlugin START] Reloading Section: "end-reload/RecipeManagerContextImpl/"
[16:26:46] [main/TRACE] [REI] [REIPlugin START] Reloading Section: "end-reload/RecipeManagerContextImpl/" done in 3.500 μs
[16:26:46] [main/TRACE] [REI] [REIPlugin START] Reloading Section: "end-reload/ItemComparatorRegistryImpl/"
[16:26:46] [main/TRACE] [REI] [REIPlugin START] Reloading Section: "end-reload/ItemComparatorRegistryImpl/" done in 10.10 μs
[16:26:46] [main/TRACE] [REI] [REIPlugin START] Reloading Section: "end-reload/FluidComparatorRegistryImpl/"
[16:26:46] [main/TRACE] [REI] [REIPlugin START] Reloading Section: "end-reload/FluidComparatorRegistryImpl/" done in 3.400 μs
[16:26:46] [main/TRACE] [REI] [REIPlugin START] Reloading Section: "end-reload/DisplaySerializerRegistryImpl/"
[16:26:46] [main/TRACE] [REI] [REIPlugin START] Reloading Section: "end-reload/DisplaySerializerRegistryImpl/" done in 3.400 μs
[16:26:46] [main/TRACE] [REI] [REIPlugin START] Reloading Section: "end-reload/FluidSupportProviderImpl/"
[16:26:46] [main/TRACE] [REI] [REIPlugin START] Reloading Section: "end-reload/FluidSupportProviderImpl/" done in 3.600 μs
[16:26:46] [main/TRACE] [REI] [REIPlugin START] Reloading Section: "end-reload/" done in 499.8 μs
[16:26:46] [main/DEBUG] [REI] ========================================
[16:26:46] [main/DEBUG] [REI] REIPlugin ended main-reload for START in 15.27 ms.
[16:26:46] [main/DEBUG] [REI] ========================================
[16:26:46] [main/INFO] [REI] ****************************************
[16:26:46] [main/INFO] [REI] REIServerPlugin starting main-reload for START.
[16:26:46] [main/DEBUG] [REI] Reloadables (2):
[16:26:46] [main/DEBUG] [REI]  - MenuInfoRegistryImpl
[16:26:46] [main/DEBUG] [REI]  - SlotAccessorRegistryImpl
[16:26:46] [main/INFO] [REI] Plugins (2):
[16:26:46] [main/INFO] [REI]  - (-100.00) DefaultPluginImpl of DefaultPluginImpl [roughlyenoughitems]
[16:26:46] [main/INFO] [REI]  - (0.00) DefaultRuntimePlugin of DefaultRuntimePlugin [roughlyenoughitems]
[16:26:46] [main/INFO] [REI] ****************************************
[16:26:46] [main/TRACE] [REI] [REIServerPlugin START] Reloading Section: "start-reload/"
[16:26:46] [main/TRACE] [REI] [REIServerPlugin START] Reloading Section: "start-reload/MenuInfoRegistryImpl/"
[16:26:46] [main/TRACE] [REI] [REIServerPlugin START] Reloading Section: "start-reload/MenuInfoRegistryImpl/" done in 14.70 μs
[16:26:46] [main/TRACE] [REI] [REIServerPlugin START] Reloading Section: "start-reload/SlotAccessorRegistryImpl/"
[16:26:46] [main/TRACE] [REI] [REIServerPlugin START] Reloading Section: "start-reload/SlotAccessorRegistryImpl/" done in 4.200 μs
[16:26:46] [main/TRACE] [REI] [REIServerPlugin START] Reloading Section: "start-reload/" done in 175.1 μs
[16:26:46] [main/DEBUG] [REI] ========================================
[16:26:46] [main/DEBUG] [REI] REIServerPlugin started main-reload for START.
[16:26:46] [main/DEBUG] [REI] ========================================
[16:26:46] [main/TRACE] [REI] [REIServerPlugin START] Reloading Section: "reloadable-plugin/MenuInfoRegistryImpl/"
[16:26:46] [main/TRACE] [REI] [REIServerPlugin START] Reloading Section: "reloadable-plugin/MenuInfoRegistryImpl/DefaultPluginImpl of DefaultPluginImpl [roughlyenoughitems]/"
[16:26:46] [main/TRACE] [REI] [REIServerPlugin START] Reloading Section: "reloadable-plugin/MenuInfoRegistryImpl/DefaultPluginImpl of DefaultPluginImpl [roughlyenoughitems]/" done in 6.500 μs
[16:26:46] [main/TRACE] [REI] [REIServerPlugin START] Reloading Section: "reloadable-plugin/MenuInfoRegistryImpl/DefaultRuntimePlugin of DefaultRuntimePlugin [roughlyenoughitems]/"
[16:26:46] [main/TRACE] [REI] [REIServerPlugin START] Reloading Section: "reloadable-plugin/MenuInfoRegistryImpl/DefaultRuntimePlugin of DefaultRuntimePlugin [roughlyenoughitems]/" done in 5.700 μs
[16:26:46] [main/TRACE] [REI] [REIServerPlugin START] Reloading Section: "reloadable-plugin/MenuInfoRegistryImpl/" done in 153.4 μs
[16:26:46] [main/TRACE] [REI] [REIServerPlugin START] Reloading Section: "reloadable-plugin/SlotAccessorRegistryImpl/"
[16:26:46] [main/TRACE] [REI] [REIServerPlugin START] Reloading Section: "reloadable-plugin/SlotAccessorRegistryImpl/DefaultPluginImpl of DefaultPluginImpl [roughlyenoughitems]/"
[16:26:46] [main/TRACE] [REI] [REIServerPlugin START] Reloading Section: "reloadable-plugin/SlotAccessorRegistryImpl/DefaultPluginImpl of DefaultPluginImpl [roughlyenoughitems]/" done in 13.60 μs
[16:26:46] [main/TRACE] [REI] [REIServerPlugin START] Reloading Section: "reloadable-plugin/SlotAccessorRegistryImpl/DefaultRuntimePlugin of DefaultRuntimePlugin [roughlyenoughitems]/"
[16:26:46] [main/TRACE] [REI] [REIServerPlugin START] Reloading Section: "reloadable-plugin/SlotAccessorRegistryImpl/DefaultRuntimePlugin of DefaultRuntimePlugin [roughlyenoughitems]/" done in 5.400 μs
[16:26:46] [main/TRACE] [REI] [REIServerPlugin START] Reloading Section: "reloadable-plugin/SlotAccessorRegistryImpl/" done in 150.5 μs
[16:26:46] [main/DEBUG] [REI] ========================================
[16:26:46] [main/DEBUG] [REI] REIServerPlugin ending main-reload for START.
[16:26:46] [main/DEBUG] [REI] ========================================
[16:26:46] [main/TRACE] [REI] [REIServerPlugin START] Reloading Section: "end-reload/"
[16:26:46] [main/TRACE] [REI] [REIServerPlugin START] Reloading Section: "end-reload/MenuInfoRegistryImpl/"
[16:26:46] [main/TRACE] [REI] [REIServerPlugin START] Reloading Section: "end-reload/MenuInfoRegistryImpl/" done in 3.800 μs
[16:26:46] [main/TRACE] [REI] [REIServerPlugin START] Reloading Section: "end-reload/SlotAccessorRegistryImpl/"
[16:26:46] [main/TRACE] [REI] [REIServerPlugin START] Reloading Section: "end-reload/SlotAccessorRegistryImpl/" done in 3.100 μs
[16:26:46] [main/TRACE] [REI] [REIServerPlugin START] Reloading Section: "end-reload/" done in 116.4 μs
[16:26:46] [main/DEBUG] [REI] ========================================
[16:26:46] [main/DEBUG] [REI] REIServerPlugin ended main-reload for START in 2.060 ms.
[16:26:46] [main/DEBUG] [REI] ========================================
[16:26:46] [main/DEBUG] [REI] ========================================
[16:26:46] [main/DEBUG] [REI] REIPlugin starting post-reload for START.
[16:26:46] [main/DEBUG] [REI] Reloadables (7):
[16:26:46] [main/DEBUG] [REI]  - EntryTypeRegistryImpl
[16:26:46] [main/DEBUG] [REI]  - EntrySettingsAdapterRegistryImpl
[16:26:46] [main/DEBUG] [REI]  - RecipeManagerContextImpl
[16:26:46] [main/DEBUG] [REI]  - ItemComparatorRegistryImpl
[16:26:46] [main/DEBUG] [REI]  - FluidComparatorRegistryImpl
[16:26:46] [main/DEBUG] [REI]  - DisplaySerializerRegistryImpl
[16:26:46] [main/DEBUG] [REI]  - FluidSupportProviderImpl
[16:26:46] [main/DEBUG] [REI] Plugins (2):
[16:26:46] [main/DEBUG] [REI]  - (-100.00) DefaultPluginImpl of DefaultPluginImpl [roughlyenoughitems]
[16:26:46] [main/DEBUG] [REI]  - (0.00) DefaultRuntimePlugin of DefaultRuntimePlugin [roughlyenoughitems]
[16:26:46] [main/DEBUG] [REI] ========================================
[16:26:46] [main/TRACE] [REI] [REIPlugin START] Reloading Section: "post-register/"
[16:26:46] [main/TRACE] [REI] [REIPlugin START] Reloading Section: "post-register/DefaultPluginImpl of DefaultPluginImpl [roughlyenoughitems]/"
[16:26:46] [main/TRACE] [REI] [REIPlugin START] Reloading Section: "post-register/DefaultPluginImpl of DefaultPluginImpl [roughlyenoughitems]/" done in 109.4 μs
[16:26:46] [main/TRACE] [REI] [REIPlugin START] Reloading Section: "post-register/DefaultRuntimePlugin of DefaultRuntimePlugin [roughlyenoughitems]/"
[16:26:46] [main/TRACE] [REI] [REIPlugin START] Reloading Section: "post-register/DefaultRuntimePlugin of DefaultRuntimePlugin [roughlyenoughitems]/" done in 5.000 μs
[16:26:46] [main/TRACE] [REI] [REIPlugin START] Reloading Section: "post-register/" done in 458.4 μs
[16:26:46] [main/TRACE] [REI] [REIPlugin START] Reloading Section: "post-stage/"
[16:26:46] [main/TRACE] [REI] [REIPlugin START] Reloading Section: "post-stage/EntryTypeRegistryImpl/"
[16:26:46] [main/TRACE] [REI] [REIPlugin START] Reloading Section: "post-stage/EntryTypeRegistryImpl/" done in 5.800 μs
[16:26:46] [main/TRACE] [REI] [REIPlugin START] Reloading Section: "post-stage/EntrySettingsAdapterRegistryImpl/"
[16:26:46] [main/TRACE] [REI] [REIPlugin START] Reloading Section: "post-stage/EntrySettingsAdapterRegistryImpl/" done in 3.000 μs
[16:26:46] [main/TRACE] [REI] [REIPlugin START] Reloading Section: "post-stage/RecipeManagerContextImpl/"
[16:26:46] [main/TRACE] [REI] [REIPlugin START] Reloading Section: "post-stage/RecipeManagerContextImpl/" done in 2.700 μs
[16:26:46] [main/TRACE] [REI] [REIPlugin START] Reloading Section: "post-stage/ItemComparatorRegistryImpl/"
[16:26:46] [main/TRACE] [REI] [REIPlugin START] Reloading Section: "post-stage/ItemComparatorRegistryImpl/" done in 2.700 μs
[16:26:46] [main/TRACE] [REI] [REIPlugin START] Reloading Section: "post-stage/FluidComparatorRegistryImpl/"
[16:26:46] [main/TRACE] [REI] [REIPlugin START] Reloading Section: "post-stage/FluidComparatorRegistryImpl/" done in 2.500 μs
[16:26:46] [main/TRACE] [REI] [REIPlugin START] Reloading Section: "post-stage/DisplaySerializerRegistryImpl/"
[16:26:46] [main/TRACE] [REI] [REIPlugin START] Reloading Section: "post-stage/DisplaySerializerRegistryImpl/" done in 2.500 μs
[16:26:46] [main/TRACE] [REI] [REIPlugin START] Reloading Section: "post-stage/FluidSupportProviderImpl/"
[16:26:46] [main/TRACE] [REI] [REIPlugin START] Reloading Section: "post-stage/FluidSupportProviderImpl/" done in 3.100 μs
[16:26:46] [main/TRACE] [REI] [REIPlugin START] Reloading Section: "post-stage/" done in 376.3 μs
[16:26:46] [main/DEBUG] [REI] ========================================
[16:26:46] [main/INFO] [REI] REIPlugin finished post-reload for START in 931.5 μs, totaling 29.87 ms.
[16:26:46] [main/DEBUG] [REI] ========================================
[16:26:46] [main/DEBUG] [REI] ========================================
[16:26:46] [main/DEBUG] [REI] REIServerPlugin starting post-reload for START.
[16:26:46] [main/DEBUG] [REI] Reloadables (2):
[16:26:46] [main/DEBUG] [REI]  - MenuInfoRegistryImpl
[16:26:46] [main/DEBUG] [REI]  - SlotAccessorRegistryImpl
[16:26:46] [main/DEBUG] [REI] Plugins (2):
[16:26:46] [main/DEBUG] [REI]  - (-100.00) DefaultPluginImpl of DefaultPluginImpl [roughlyenoughitems]
[16:26:46] [main/DEBUG] [REI]  - (0.00) DefaultRuntimePlugin of DefaultRuntimePlugin [roughlyenoughitems]
[16:26:46] [main/DEBUG] [REI] ========================================
[16:26:46] [main/TRACE] [REI] [REIServerPlugin START] Reloading Section: "post-register/"
[16:26:46] [main/TRACE] [REI] [REIServerPlugin START] Reloading Section: "post-register/DefaultPluginImpl of DefaultPluginImpl [roughlyenoughitems]/"
[16:26:46] [main/TRACE] [REI] [REIServerPlugin START] Reloading Section: "post-register/DefaultPluginImpl of DefaultPluginImpl [roughlyenoughitems]/" done in 8.100 μs
[16:26:46] [main/TRACE] [REI] [REIServerPlugin START] Reloading Section: "post-register/DefaultRuntimePlugin of DefaultRuntimePlugin [roughlyenoughitems]/"
[16:26:46] [main/TRACE] [REI] [REIServerPlugin START] Reloading Section: "post-register/DefaultRuntimePlugin of DefaultRuntimePlugin [roughlyenoughitems]/" done in 4.200 μs
[16:26:46] [main/TRACE] [REI] [REIServerPlugin START] Reloading Section: "post-register/" done in 150.8 μs
[16:26:46] [main/TRACE] [REI] [REIServerPlugin START] Reloading Section: "post-stage/"
[16:26:46] [main/TRACE] [REI] [REIServerPlugin START] Reloading Section: "post-stage/MenuInfoRegistryImpl/"
[16:26:46] [main/TRACE] [REI] [REIServerPlugin START] Reloading Section: "post-stage/MenuInfoRegistryImpl/" done in 3.400 μs
[16:26:46] [main/TRACE] [REI] [REIServerPlugin START] Reloading Section: "post-stage/SlotAccessorRegistryImpl/"
[16:26:46] [main/TRACE] [REI] [REIServerPlugin START] Reloading Section: "post-stage/SlotAccessorRegistryImpl/" done in 2.600 μs
[16:26:46] [main/TRACE] [REI] [REIServerPlugin START] Reloading Section: "post-stage/" done in 105.9 μs
[16:26:46] [main/DEBUG] [REI] ========================================
[16:26:46] [main/INFO] [REI] REIServerPlugin finished post-reload for START in 351.2 μs, totaling 2.880 ms.
[16:26:46] [main/DEBUG] [REI] ========================================
[16:26:46] [main/DEBUG] [REI] ========================================
[16:26:46] [main/DEBUG] [REI] REIPlugin starting pre-reload for END.
[16:26:46] [main/DEBUG] [REI] Reloadables (7):
[16:26:46] [main/DEBUG] [REI]  - EntryTypeRegistryImpl
[16:26:46] [main/DEBUG] [REI]  - EntrySettingsAdapterRegistryImpl
[16:26:46] [main/DEBUG] [REI]  - RecipeManagerContextImpl
[16:26:46] [main/DEBUG] [REI]  - ItemComparatorRegistryImpl
[16:26:46] [main/DEBUG] [REI]  - FluidComparatorRegistryImpl
[16:26:46] [main/DEBUG] [REI]  - DisplaySerializerRegistryImpl
[16:26:46] [main/DEBUG] [REI]  - FluidSupportProviderImpl
[16:26:46] [main/DEBUG] [REI] Plugins (2):
[16:26:46] [main/DEBUG] [REI]  - (-100.00) DefaultPluginImpl of DefaultPluginImpl [roughlyenoughitems]
[16:26:46] [main/DEBUG] [REI]  - (0.00) DefaultRuntimePlugin of DefaultRuntimePlugin [roughlyenoughitems]
[16:26:46] [main/DEBUG] [REI] ========================================
[16:26:46] [main/TRACE] [REI] [REIPlugin END] Reloading Section: "pre-register/"
[16:26:46] [main/TRACE] [REI] [REIPlugin END] Reloading Section: "pre-register/DefaultPluginImpl of DefaultPluginImpl [roughlyenoughitems]/"
[16:26:46] [main/TRACE] [REI] [REIPlugin END] Reloading Section: "pre-register/DefaultPluginImpl of DefaultPluginImpl [roughlyenoughitems]/" done in 5.800 μs
[16:26:46] [main/TRACE] [REI] [REIPlugin END] Reloading Section: "pre-register/DefaultRuntimePlugin of DefaultRuntimePlugin [roughlyenoughitems]/"
[16:26:46] [main/TRACE] [REI] [REIPlugin END] Reloading Section: "pre-register/DefaultRuntimePlugin of DefaultRuntimePlugin [roughlyenoughitems]/" done in 4.100 μs
[16:26:46] [main/TRACE] [REI] [REIPlugin END] Reloading Section: "pre-register/" done in 130.0 μs
[16:26:46] [main/TRACE] [REI] [REIPlugin END] Reloading Section: "pre-stage/"
[16:26:46] [main/TRACE] [REI] [REIPlugin END] Reloading Section: "pre-stage/EntryTypeRegistryImpl/"
[16:26:46] [main/TRACE] [REI] [REIPlugin END] Reloading Section: "pre-stage/EntryTypeRegistryImpl/" done in 3.700 μs
[16:26:46] [main/TRACE] [REI] [REIPlugin END] Reloading Section: "pre-stage/EntrySettingsAdapterRegistryImpl/"
[16:26:46] [main/TRACE] [REI] [REIPlugin END] Reloading Section: "pre-stage/EntrySettingsAdapterRegistryImpl/" done in 3.400 μs
[16:26:46] [main/TRACE] [REI] [REIPlugin END] Reloading Section: "pre-stage/RecipeManagerContextImpl/"
[16:26:46] [main/TRACE] [REI] [REIPlugin END] Reloading Section: "pre-stage/RecipeManagerContextImpl/" done in 4.300 μs
[16:26:46] [main/TRACE] [REI] [REIPlugin END] Reloading Section: "pre-stage/ItemComparatorRegistryImpl/"
[16:26:46] [main/TRACE] [REI] [REIPlugin END] Reloading Section: "pre-stage/ItemComparatorRegistryImpl/" done in 2.800 μs
[16:26:46] [main/TRACE] [REI] [REIPlugin END] Reloading Section: "pre-stage/FluidComparatorRegistryImpl/"
[16:26:46] [main/TRACE] [REI] [REIPlugin END] Reloading Section: "pre-stage/FluidComparatorRegistryImpl/" done in 3.100 μs
[16:26:46] [main/TRACE] [REI] [REIPlugin END] Reloading Section: "pre-stage/DisplaySerializerRegistryImpl/"
[16:26:46] [main/TRACE] [REI] [REIPlugin END] Reloading Section: "pre-stage/DisplaySerializerRegistryImpl/" done in 2.700 μs
[16:26:46] [main/TRACE] [REI] [REIPlugin END] Reloading Section: "pre-stage/FluidSupportProviderImpl/"
[16:26:46] [main/TRACE] [REI] [REIPlugin END] Reloading Section: "pre-stage/FluidSupportProviderImpl/" done in 3.200 μs
[16:26:46] [main/TRACE] [REI] [REIPlugin END] Reloading Section: "pre-stage/" done in 346.0 μs
[16:26:46] [main/DEBUG] [REI] ========================================
[16:26:46] [main/DEBUG] [REI] REIPlugin finished pre-reload for END in 565.0 μs.
[16:26:46] [main/DEBUG] [REI] ========================================
[16:26:46] [main/DEBUG] [REI] ========================================
[16:26:46] [main/DEBUG] [REI] REIServerPlugin starting pre-reload for END.
[16:26:46] [main/DEBUG] [REI] Reloadables (2):
[16:26:46] [main/DEBUG] [REI]  - MenuInfoRegistryImpl
[16:26:46] [main/DEBUG] [REI]  - SlotAccessorRegistryImpl
[16:26:46] [main/DEBUG] [REI] Plugins (2):
[16:26:46] [main/DEBUG] [REI]  - (-100.00) DefaultPluginImpl of DefaultPluginImpl [roughlyenoughitems]
[16:26:46] [main/DEBUG] [REI]  - (0.00) DefaultRuntimePlugin of DefaultRuntimePlugin [roughlyenoughitems]
[16:26:46] [main/DEBUG] [REI] ========================================
[16:26:46] [main/TRACE] [REI] [REIServerPlugin END] Reloading Section: "pre-register/"
[16:26:46] [main/TRACE] [REI] [REIServerPlugin END] Reloading Section: "pre-register/DefaultPluginImpl of DefaultPluginImpl [roughlyenoughitems]/"
[16:26:46] [main/TRACE] [REI] [REIServerPlugin END] Reloading Section: "pre-register/DefaultPluginImpl of DefaultPluginImpl [roughlyenoughitems]/" done in 5.100 μs
[16:26:46] [main/TRACE] [REI] [REIServerPlugin END] Reloading Section: "pre-register/DefaultRuntimePlugin of DefaultRuntimePlugin [roughlyenoughitems]/"
[16:26:46] [main/TRACE] [REI] [REIServerPlugin END] Reloading Section: "pre-register/DefaultRuntimePlugin of DefaultRuntimePlugin [roughlyenoughitems]/" done in 4.000 μs
[16:26:46] [main/TRACE] [REI] [REIServerPlugin END] Reloading Section: "pre-register/" done in 127.9 μs
[16:26:46] [main/TRACE] [REI] [REIServerPlugin END] Reloading Section: "pre-stage/"
[16:26:46] [main/TRACE] [REI] [REIServerPlugin END] Reloading Section: "pre-stage/MenuInfoRegistryImpl/"
[16:26:46] [main/TRACE] [REI] [REIServerPlugin END] Reloading Section: "pre-stage/MenuInfoRegistryImpl/" done in 4.300 μs
[16:26:46] [main/TRACE] [REI] [REIServerPlugin END] Reloading Section: "pre-stage/SlotAccessorRegistryImpl/"
[16:26:46] [main/TRACE] [REI] [REIServerPlugin END] Reloading Section: "pre-stage/SlotAccessorRegistryImpl/" done in 2.900 μs
[16:26:46] [main/TRACE] [REI] [REIServerPlugin END] Reloading Section: "pre-stage/" done in 126.7 μs
[16:26:46] [main/DEBUG] [REI] ========================================
[16:26:46] [main/DEBUG] [REI] REIServerPlugin finished pre-reload for END in 342.7 μs.
[16:26:46] [main/DEBUG] [REI] ========================================
[16:26:46] [main/INFO] [REI] ****************************************
[16:26:46] [main/INFO] [REI] REIPlugin starting main-reload for END.
[16:26:46] [main/DEBUG] [REI] Reloadables (7):
[16:26:46] [main/DEBUG] [REI]  - EntryTypeRegistryImpl
[16:26:46] [main/DEBUG] [REI]  - EntrySettingsAdapterRegistryImpl
[16:26:46] [main/DEBUG] [REI]  - RecipeManagerContextImpl
[16:26:46] [main/DEBUG] [REI]  - ItemComparatorRegistryImpl
[16:26:46] [main/DEBUG] [REI]  - FluidComparatorRegistryImpl
[16:26:46] [main/DEBUG] [REI]  - DisplaySerializerRegistryImpl
[16:26:46] [main/DEBUG] [REI]  - FluidSupportProviderImpl
[16:26:46] [main/INFO] [REI] Plugins (2):
[16:26:46] [main/INFO] [REI]  - (-100.00) DefaultPluginImpl of DefaultPluginImpl [roughlyenoughitems]
[16:26:46] [main/INFO] [REI]  - (0.00) DefaultRuntimePlugin of DefaultRuntimePlugin [roughlyenoughitems]
[16:26:46] [main/INFO] [REI] ****************************************
[16:26:46] [main/TRACE] [REI] [REIPlugin END] Reloading Section: "start-reload/"
[16:26:46] [main/TRACE] [REI] [REIPlugin END] Reloading Section: "start-reload/EntryTypeRegistryImpl/"
[16:26:46] [main/TRACE] [REI] [REIPlugin END] Reloading Section: "start-reload/EntryTypeRegistryImpl/" done in 4.500 μs
[16:26:46] [main/TRACE] [REI] [REIPlugin END] Reloading Section: "start-reload/EntrySettingsAdapterRegistryImpl/"
[16:26:46] [main/TRACE] [REI] [REIPlugin END] Reloading Section: "start-reload/EntrySettingsAdapterRegistryImpl/" done in 14.00 μs
[16:26:46] [main/TRACE] [REI] [REIPlugin END] Reloading Section: "start-reload/RecipeManagerContextImpl/"
[16:26:46] [main/TRACE] [REI] [REIPlugin END] Reloading Section: "start-reload/RecipeManagerContextImpl/" done in 3.700 μs
[16:26:46] [main/TRACE] [REI] [REIPlugin END] Reloading Section: "start-reload/ItemComparatorRegistryImpl/"
[16:26:46] [main/TRACE] [REI] [REIPlugin END] Reloading Section: "start-reload/ItemComparatorRegistryImpl/" done in 3.300 μs
[16:26:46] [main/TRACE] [REI] [REIPlugin END] Reloading Section: "start-reload/FluidComparatorRegistryImpl/"
[16:26:46] [main/TRACE] [REI] [REIPlugin END] Reloading Section: "start-reload/FluidComparatorRegistryImpl/" done in 2.700 μs
[16:26:46] [main/TRACE] [REI] [REIPlugin END] Reloading Section: "start-reload/DisplaySerializerRegistryImpl/"
[16:26:46] [main/TRACE] [REI] [REIPlugin END] Reloading Section: "start-reload/DisplaySerializerRegistryImpl/" done in 6.800 μs
[16:26:46] [main/TRACE] [REI] [REIPlugin END] Reloading Section: "start-reload/FluidSupportProviderImpl/"
[16:26:46] [main/TRACE] [REI] [REIPlugin END] Reloading Section: "start-reload/FluidSupportProviderImpl/" done in 3.400 μs
[16:26:46] [main/TRACE] [REI] [REIPlugin END] Reloading Section: "start-reload/" done in 364.5 μs
[16:26:46] [main/DEBUG] [REI] ========================================
[16:26:46] [main/DEBUG] [REI] REIPlugin started main-reload for END.
[16:26:46] [main/DEBUG] [REI] ========================================
[16:26:46] [main/TRACE] [REI] [REIPlugin END] Reloading Section: "reloadable-plugin/EntryTypeRegistryImpl/"
[16:26:46] [main/TRACE] [REI] [REIPlugin END] Reloading Section: "reloadable-plugin/EntryTypeRegistryImpl/DefaultPluginImpl of DefaultPluginImpl [roughlyenoughitems]/"
[16:26:46] [main/TRACE] [REI] [REIPlugin END] Reloading Section: "reloadable-plugin/EntryTypeRegistryImpl/DefaultPluginImpl of DefaultPluginImpl [roughlyenoughitems]/" done in 7.600 μs
[16:26:46] [main/TRACE] [REI] [REIPlugin END] Reloading Section: "reloadable-plugin/EntryTypeRegistryImpl/DefaultRuntimePlugin of DefaultRuntimePlugin [roughlyenoughitems]/"
[16:26:46] [main/TRACE] [REI] [REIPlugin END] Reloading Section: "reloadable-plugin/EntryTypeRegistryImpl/DefaultRuntimePlugin of DefaultRuntimePlugin [roughlyenoughitems]/" done in 5.800 μs
[16:26:46] [main/TRACE] [REI] [REIPlugin END] Reloading Section: "reloadable-plugin/EntryTypeRegistryImpl/" done in 118.0 μs
[16:26:46] [main/TRACE] [REI] [REIPlugin END] Reloading Section: "reloadable-plugin/EntrySettingsAdapterRegistryImpl/"
[16:26:46] [main/TRACE] [REI] [REIPlugin END] Reloading Section: "reloadable-plugin/EntrySettingsAdapterRegistryImpl/DefaultPluginImpl of DefaultPluginImpl [roughlyenoughitems]/"
[16:26:46] [main/TRACE] [REI] [REIPlugin END] Reloading Section: "reloadable-plugin/EntrySettingsAdapterRegistryImpl/DefaultPluginImpl of DefaultPluginImpl [roughlyenoughitems]/" done in 11.30 μs
[16:26:46] [main/TRACE] [REI] [REIPlugin END] Reloading Section: "reloadable-plugin/EntrySettingsAdapterRegistryImpl/DefaultRuntimePlugin of DefaultRuntimePlugin [roughlyenoughitems]/"
[16:26:46] [main/TRACE] [REI] [REIPlugin END] Reloading Section: "reloadable-plugin/EntrySettingsAdapterRegistryImpl/DefaultRuntimePlugin of DefaultRuntimePlugin [roughlyenoughitems]/" done in 7.200 μs
[16:26:46] [main/TRACE] [REI] [REIPlugin END] Reloading Section: "reloadable-plugin/EntrySettingsAdapterRegistryImpl/" done in 117.7 μs
[16:26:46] [main/TRACE] [REI] [REIPlugin END] Reloading Section: "reloadable-plugin/RecipeManagerContextImpl/"
[16:26:46] [main/TRACE] [REI] [REIPlugin END] Reloading Section: "reloadable-plugin/RecipeManagerContextImpl/DefaultPluginImpl of DefaultPluginImpl [roughlyenoughitems]/"
[16:26:46] [main/TRACE] [REI] [REIPlugin END] Reloading Section: "reloadable-plugin/RecipeManagerContextImpl/DefaultPluginImpl of DefaultPluginImpl [roughlyenoughitems]/" done in 6.000 μs
[16:26:46] [main/TRACE] [REI] [REIPlugin END] Reloading Section: "reloadable-plugin/RecipeManagerContextImpl/DefaultRuntimePlugin of DefaultRuntimePlugin [roughlyenoughitems]/"
[16:26:46] [main/TRACE] [REI] [REIPlugin END] Reloading Section: "reloadable-plugin/RecipeManagerContextImpl/DefaultRuntimePlugin of DefaultRuntimePlugin [roughlyenoughitems]/" done in 5.900 μs
[16:26:46] [main/TRACE] [REI] [REIPlugin END] Reloading Section: "reloadable-plugin/RecipeManagerContextImpl/" done in 113.0 μs
[16:26:46] [main/TRACE] [REI] [REIPlugin END] Reloading Section: "reloadable-plugin/ItemComparatorRegistryImpl/"
[16:26:46] [main/TRACE] [REI] [REIPlugin END] Reloading Section: "reloadable-plugin/ItemComparatorRegistryImpl/DefaultPluginImpl of DefaultPluginImpl [roughlyenoughitems]/"
[16:26:46] [main/TRACE] [REI] [REIPlugin END] Reloading Section: "reloadable-plugin/ItemComparatorRegistryImpl/DefaultPluginImpl of DefaultPluginImpl [roughlyenoughitems]/" done in 5.500 μs
[16:26:46] [main/TRACE] [REI] [REIPlugin END] Reloading Section: "reloadable-plugin/ItemComparatorRegistryImpl/DefaultRuntimePlugin of DefaultRuntimePlugin [roughlyenoughitems]/"
[16:26:46] [main/TRACE] [REI] [REIPlugin END] Reloading Section: "reloadable-plugin/ItemComparatorRegistryImpl/DefaultRuntimePlugin of DefaultRuntimePlugin [roughlyenoughitems]/" done in 5.700 μs
[16:26:46] [main/TRACE] [REI] [REIPlugin END] Reloading Section: "reloadable-plugin/ItemComparatorRegistryImpl/" done in 94.40 μs
[16:26:46] [main/TRACE] [REI] [REIPlugin END] Reloading Section: "reloadable-plugin/FluidComparatorRegistryImpl/"
[16:26:46] [main/TRACE] [REI] [REIPlugin END] Reloading Section: "reloadable-plugin/FluidComparatorRegistryImpl/DefaultPluginImpl of DefaultPluginImpl [roughlyenoughitems]/"
[16:26:46] [main/TRACE] [REI] [REIPlugin END] Reloading Section: "reloadable-plugin/FluidComparatorRegistryImpl/DefaultPluginImpl of DefaultPluginImpl [roughlyenoughitems]/" done in 11.50 μs
[16:26:46] [main/TRACE] [REI] [REIPlugin END] Reloading Section: "reloadable-plugin/FluidComparatorRegistryImpl/DefaultRuntimePlugin of DefaultRuntimePlugin [roughlyenoughitems]/"
[16:26:46] [main/TRACE] [REI] [REIPlugin END] Reloading Section: "reloadable-plugin/FluidComparatorRegistryImpl/DefaultRuntimePlugin of DefaultRuntimePlugin [roughlyenoughitems]/" done in 6.600 μs
[16:26:46] [main/TRACE] [REI] [REIPlugin END] Reloading Section: "reloadable-plugin/FluidComparatorRegistryImpl/" done in 105.6 μs
[16:26:46] [main/TRACE] [REI] [REIPlugin END] Reloading Section: "reloadable-plugin/DisplaySerializerRegistryImpl/"
[16:26:46] [main/TRACE] [REI] [REIPlugin END] Reloading Section: "reloadable-plugin/DisplaySerializerRegistryImpl/DefaultPluginImpl of DefaultPluginImpl [roughlyenoughitems]/"
[16:26:46] [main/TRACE] [REI] [REIPlugin END] Reloading Section: "reloadable-plugin/DisplaySerializerRegistryImpl/DefaultPluginImpl of DefaultPluginImpl [roughlyenoughitems]/" done in 17.50 ms
[16:26:46] [main/TRACE] [REI] [REIPlugin END] Reloading Section: "reloadable-plugin/DisplaySerializerRegistryImpl/DefaultRuntimePlugin of DefaultRuntimePlugin [roughlyenoughitems]/"
[16:26:46] [main/TRACE] [REI] [REIPlugin END] Reloading Section: "reloadable-plugin/DisplaySerializerRegistryImpl/DefaultRuntimePlugin of DefaultRuntimePlugin [roughlyenoughitems]/" done in 13.20 μs
[16:26:46] [main/TRACE] [REI] [REIPlugin END] Reloading Section: "reloadable-plugin/DisplaySerializerRegistryImpl/" done in 17.77 ms
[16:26:46] [main/TRACE] [REI] [REIPlugin END] Reloading Section: "reloadable-plugin/FluidSupportProviderImpl/"
[16:26:46] [main/TRACE] [REI] [REIPlugin END] Reloading Section: "reloadable-plugin/FluidSupportProviderImpl/DefaultPluginImpl of DefaultPluginImpl [roughlyenoughitems]/"
[16:26:46] [main/TRACE] [REI] [REIPlugin END] Reloading Section: "reloadable-plugin/FluidSupportProviderImpl/DefaultPluginImpl of DefaultPluginImpl [roughlyenoughitems]/" done in 6.200 μs
[16:26:46] [main/TRACE] [REI] [REIPlugin END] Reloading Section: "reloadable-plugin/FluidSupportProviderImpl/DefaultRuntimePlugin of DefaultRuntimePlugin [roughlyenoughitems]/"
[16:26:46] [main/TRACE] [REI] [REIPlugin END] Reloading Section: "reloadable-plugin/FluidSupportProviderImpl/DefaultRuntimePlugin of DefaultRuntimePlugin [roughlyenoughitems]/" done in 6.400 μs
[16:26:46] [main/TRACE] [REI] [REIPlugin END] Reloading Section: "reloadable-plugin/FluidSupportProviderImpl/" done in 139.6 μs
[16:26:46] [main/DEBUG] [REI] ========================================
[16:26:46] [main/DEBUG] [REI] REIPlugin ending main-reload for END.
[16:26:46] [main/DEBUG] [REI] ========================================
[16:26:46] [main/TRACE] [REI] [REIPlugin END] Reloading Section: "end-reload/"
[16:26:46] [main/TRACE] [REI] [REIPlugin END] Reloading Section: "end-reload/EntryTypeRegistryImpl/"
[16:26:46] [main/TRACE] [REI] [REIPlugin END] Reloading Section: "end-reload/EntryTypeRegistryImpl/" done in 4.200 μs
[16:26:46] [main/TRACE] [REI] [REIPlugin END] Reloading Section: "end-reload/EntrySettingsAdapterRegistryImpl/"
[16:26:46] [main/TRACE] [REI] [REIPlugin END] Reloading Section: "end-reload/EntrySettingsAdapterRegistryImpl/" done in 2.900 μs
[16:26:46] [main/TRACE] [REI] [REIPlugin END] Reloading Section: "end-reload/RecipeManagerContextImpl/"
[16:26:46] [main/TRACE] [REI] [REIPlugin END] Reloading Section: "end-reload/RecipeManagerContextImpl/" done in 2.600 μs
[16:26:46] [main/TRACE] [REI] [REIPlugin END] Reloading Section: "end-reload/ItemComparatorRegistryImpl/"
[16:26:46] [main/TRACE] [REI] [REIPlugin END] Reloading Section: "end-reload/ItemComparatorRegistryImpl/" done in 3.300 μs
[16:26:46] [main/TRACE] [REI] [REIPlugin END] Reloading Section: "end-reload/FluidComparatorRegistryImpl/"
[16:26:46] [main/TRACE] [REI] [REIPlugin END] Reloading Section: "end-reload/FluidComparatorRegistryImpl/" done in 2.500 μs
[16:26:46] [main/TRACE] [REI] [REIPlugin END] Reloading Section: "end-reload/DisplaySerializerRegistryImpl/"
[16:26:46] [main/TRACE] [REI] [REIPlugin END] Reloading Section: "end-reload/DisplaySerializerRegistryImpl/" done in 2.500 μs
[16:26:46] [main/TRACE] [REI] [REIPlugin END] Reloading Section: "end-reload/FluidSupportProviderImpl/"
[16:26:46] [main/TRACE] [REI] [REIPlugin END] Reloading Section: "end-reload/FluidSupportProviderImpl/" done in 2.500 μs
[16:26:46] [main/TRACE] [REI] [REIPlugin END] Reloading Section: "end-reload/" done in 262.8 μs
[16:26:46] [main/DEBUG] [REI] ========================================
[16:26:46] [main/DEBUG] [REI] REIPlugin ended main-reload for END in 20.55 ms.
[16:26:46] [main/DEBUG] [REI] ========================================
[16:26:46] [main/INFO] [REI] ~~~~~~~~~~~~~~~~~~~~~~~~~~~~~~~~~~~~~~~~
[16:26:46] [main/INFO] [REI] REIServerPlugin starting main-reload for END.
[16:26:46] [main/DEBUG] [REI] Reloadables (2):
[16:26:46] [main/DEBUG] [REI]  - MenuInfoRegistryImpl
[16:26:46] [main/DEBUG] [REI]  - SlotAccessorRegistryImpl
[16:26:46] [main/INFO] [REI] Plugins (2):
[16:26:46] [main/INFO] [REI]  - (-100.00) DefaultPluginImpl of DefaultPluginImpl [roughlyenoughitems]
[16:26:46] [main/INFO] [REI]  - (0.00) DefaultRuntimePlugin of DefaultRuntimePlugin [roughlyenoughitems]
[16:26:46] [main/INFO] [REI] ~~~~~~~~~~~~~~~~~~~~~~~~~~~~~~~~~~~~~~~~
[16:26:46] [main/TRACE] [REI] [REIServerPlugin END] Reloading Section: "start-reload/"
[16:26:46] [main/TRACE] [REI] [REIServerPlugin END] Reloading Section: "start-reload/MenuInfoRegistryImpl/"
[16:26:46] [main/TRACE] [REI] [REIServerPlugin END] Reloading Section: "start-reload/MenuInfoRegistryImpl/" done in 21.20 μs
[16:26:46] [main/TRACE] [REI] [REIServerPlugin END] Reloading Section: "start-reload/SlotAccessorRegistryImpl/"
[16:26:46] [main/TRACE] [REI] [REIServerPlugin END] Reloading Section: "start-reload/SlotAccessorRegistryImpl/" done in 6.800 μs
[16:26:46] [main/TRACE] [REI] [REIServerPlugin END] Reloading Section: "start-reload/" done in 164.2 μs
[16:26:46] [main/DEBUG] [REI] ========================================
[16:26:46] [main/DEBUG] [REI] REIServerPlugin started main-reload for END.
[16:26:46] [main/DEBUG] [REI] ========================================
[16:26:46] [main/TRACE] [REI] [REIServerPlugin END] Reloading Section: "reloadable-plugin/MenuInfoRegistryImpl/"
[16:26:46] [main/TRACE] [REI] [REIServerPlugin END] Reloading Section: "reloadable-plugin/MenuInfoRegistryImpl/DefaultPluginImpl of DefaultPluginImpl [roughlyenoughitems]/"
[16:26:46] [main/TRACE] [REI] [REIServerPlugin END] Reloading Section: "reloadable-plugin/MenuInfoRegistryImpl/DefaultPluginImpl of DefaultPluginImpl [roughlyenoughitems]/" done in 20.10 μs
[16:26:46] [main/TRACE] [REI] [REIServerPlugin END] Reloading Section: "reloadable-plugin/MenuInfoRegistryImpl/DefaultRuntimePlugin of DefaultRuntimePlugin [roughlyenoughitems]/"
[16:26:46] [main/TRACE] [REI] [REIServerPlugin END] Reloading Section: "reloadable-plugin/MenuInfoRegistryImpl/DefaultRuntimePlugin of DefaultRuntimePlugin [roughlyenoughitems]/" done in 5.500 μs
[16:26:46] [main/TRACE] [REI] [REIServerPlugin END] Reloading Section: "reloadable-plugin/MenuInfoRegistryImpl/" done in 116.8 μs
[16:26:46] [main/TRACE] [REI] [REIServerPlugin END] Reloading Section: "reloadable-plugin/SlotAccessorRegistryImpl/"
[16:26:46] [main/TRACE] [REI] [REIServerPlugin END] Reloading Section: "reloadable-plugin/SlotAccessorRegistryImpl/DefaultPluginImpl of DefaultPluginImpl [roughlyenoughitems]/"
[16:26:46] [main/TRACE] [REI] [REIServerPlugin END] Reloading Section: "reloadable-plugin/SlotAccessorRegistryImpl/DefaultPluginImpl of DefaultPluginImpl [roughlyenoughitems]/" done in 10.60 μs
[16:26:46] [main/TRACE] [REI] [REIServerPlugin END] Reloading Section: "reloadable-plugin/SlotAccessorRegistryImpl/DefaultRuntimePlugin of DefaultRuntimePlugin [roughlyenoughitems]/"
[16:26:46] [main/DEBUG] [REI] Added slot accessor serializer: me.shedaniel.rei.plugin.common.runtime.DefaultRuntimePlugin$1@35df2c3c [roughlyenoughitems:vanilla]
[16:26:46] [main/DEBUG] [REI] Added slot accessor serializer: me.shedaniel.rei.plugin.common.runtime.DefaultRuntimePlugin$2@74a6f5a [roughlyenoughitems:player]
[16:26:46] [main/TRACE] [REI] [REIServerPlugin END] Reloading Section: "reloadable-plugin/SlotAccessorRegistryImpl/DefaultRuntimePlugin of DefaultRuntimePlugin [roughlyenoughitems]/" done in 2.940 ms
[16:26:46] [main/TRACE] [REI] [REIServerPlugin END] Reloading Section: "reloadable-plugin/SlotAccessorRegistryImpl/" done in 3.129 ms
[16:26:46] [main/DEBUG] [REI] ========================================
[16:26:46] [main/DEBUG] [REI] REIServerPlugin ending main-reload for END.
[16:26:46] [main/DEBUG] [REI] ========================================
[16:26:46] [main/TRACE] [REI] [REIServerPlugin END] Reloading Section: "end-reload/"
[16:26:46] [main/TRACE] [REI] [REIServerPlugin END] Reloading Section: "end-reload/MenuInfoRegistryImpl/"
[16:26:46] [main/DEBUG] [REI] Registered 0 menu infos
[16:26:46] [main/TRACE] [REI] [REIServerPlugin END] Reloading Section: "end-reload/MenuInfoRegistryImpl/" done in 155.0 μs
[16:26:46] [main/TRACE] [REI] [REIServerPlugin END] Reloading Section: "end-reload/SlotAccessorRegistryImpl/"
[16:26:46] [main/DEBUG] [REI] Registered 2 slot accessor serializers
[16:26:46] [main/TRACE] [REI] [REIServerPlugin END] Reloading Section: "end-reload/SlotAccessorRegistryImpl/" done in 48.20 μs
[16:26:46] [main/TRACE] [REI] [REIServerPlugin END] Reloading Section: "end-reload/" done in 364.1 μs
[16:26:46] [main/DEBUG] [REI] ========================================
[16:26:46] [main/DEBUG] [REI] REIServerPlugin ended main-reload for END in 4.985 ms.
[16:26:46] [main/DEBUG] [REI] ========================================
[16:26:46] [main/DEBUG] [REI] ========================================
[16:26:46] [main/DEBUG] [REI] REIPlugin starting post-reload for END.
[16:26:46] [main/DEBUG] [REI] Reloadables (7):
[16:26:46] [main/DEBUG] [REI]  - EntryTypeRegistryImpl
[16:26:46] [main/DEBUG] [REI]  - EntrySettingsAdapterRegistryImpl
[16:26:46] [main/DEBUG] [REI]  - RecipeManagerContextImpl
[16:26:46] [main/DEBUG] [REI]  - ItemComparatorRegistryImpl
[16:26:46] [main/DEBUG] [REI]  - FluidComparatorRegistryImpl
[16:26:46] [main/DEBUG] [REI]  - DisplaySerializerRegistryImpl
[16:26:46] [main/DEBUG] [REI]  - FluidSupportProviderImpl
[16:26:46] [main/DEBUG] [REI] Plugins (2):
[16:26:46] [main/DEBUG] [REI]  - (-100.00) DefaultPluginImpl of DefaultPluginImpl [roughlyenoughitems]
[16:26:46] [main/DEBUG] [REI]  - (0.00) DefaultRuntimePlugin of DefaultRuntimePlugin [roughlyenoughitems]
[16:26:46] [main/DEBUG] [REI] ========================================
[16:26:46] [main/TRACE] [REI] [REIPlugin END] Reloading Section: "post-register/"
[16:26:46] [main/TRACE] [REI] [REIPlugin END] Reloading Section: "post-register/DefaultPluginImpl of DefaultPluginImpl [roughlyenoughitems]/"
[16:26:46] [main/TRACE] [REI] [REIPlugin END] Reloading Section: "post-register/DefaultPluginImpl of DefaultPluginImpl [roughlyenoughitems]/" done in 9.600 μs
[16:26:46] [main/TRACE] [REI] [REIPlugin END] Reloading Section: "post-register/DefaultRuntimePlugin of DefaultRuntimePlugin [roughlyenoughitems]/"
[16:26:46] [main/TRACE] [REI] [REIPlugin END] Reloading Section: "post-register/DefaultRuntimePlugin of DefaultRuntimePlugin [roughlyenoughitems]/" done in 5.600 μs
[16:26:46] [main/TRACE] [REI] [REIPlugin END] Reloading Section: "post-register/" done in 152.2 μs
[16:26:46] [main/TRACE] [REI] [REIPlugin END] Reloading Section: "post-stage/"
[16:26:46] [main/TRACE] [REI] [REIPlugin END] Reloading Section: "post-stage/EntryTypeRegistryImpl/"
[16:26:46] [main/TRACE] [REI] [REIPlugin END] Reloading Section: "post-stage/EntryTypeRegistryImpl/" done in 3.300 μs
[16:26:46] [main/TRACE] [REI] [REIPlugin END] Reloading Section: "post-stage/EntrySettingsAdapterRegistryImpl/"
[16:26:46] [main/TRACE] [REI] [REIPlugin END] Reloading Section: "post-stage/EntrySettingsAdapterRegistryImpl/" done in 2.500 μs
[16:26:46] [main/TRACE] [REI] [REIPlugin END] Reloading Section: "post-stage/RecipeManagerContextImpl/"
[16:26:46] [main/TRACE] [REI] [REIPlugin END] Reloading Section: "post-stage/RecipeManagerContextImpl/" done in 2.500 μs
[16:26:46] [main/TRACE] [REI] [REIPlugin END] Reloading Section: "post-stage/ItemComparatorRegistryImpl/"
[16:26:46] [main/TRACE] [REI] [REIPlugin END] Reloading Section: "post-stage/ItemComparatorRegistryImpl/" done in 2.700 μs
[16:26:46] [main/TRACE] [REI] [REIPlugin END] Reloading Section: "post-stage/FluidComparatorRegistryImpl/"
[16:26:46] [main/TRACE] [REI] [REIPlugin END] Reloading Section: "post-stage/FluidComparatorRegistryImpl/" done in 2.300 μs
[16:26:46] [main/TRACE] [REI] [REIPlugin END] Reloading Section: "post-stage/DisplaySerializerRegistryImpl/"
[16:26:46] [main/TRACE] [REI] [REIPlugin END] Reloading Section: "post-stage/DisplaySerializerRegistryImpl/" done in 2.400 μs
[16:26:46] [main/TRACE] [REI] [REIPlugin END] Reloading Section: "post-stage/FluidSupportProviderImpl/"
[16:26:46] [main/TRACE] [REI] [REIPlugin END] Reloading Section: "post-stage/FluidSupportProviderImpl/" done in 2.600 μs
[16:26:46] [main/TRACE] [REI] [REIPlugin END] Reloading Section: "post-stage/" done in 260.6 μs
[16:26:46] [main/DEBUG] [REI] ========================================
[16:26:46] [main/INFO] [REI] REIPlugin finished post-reload for END in 490.0 μs, totaling 21.59 ms.
[16:26:46] [main/DEBUG] [REI] ========================================
[16:26:46] [main/DEBUG] [REI] ========================================
[16:26:46] [main/DEBUG] [REI] REIServerPlugin starting post-reload for END.
[16:26:46] [main/DEBUG] [REI] Reloadables (2):
[16:26:46] [main/DEBUG] [REI]  - MenuInfoRegistryImpl
[16:26:46] [main/DEBUG] [REI]  - SlotAccessorRegistryImpl
[16:26:46] [main/DEBUG] [REI] Plugins (2):
[16:26:46] [main/DEBUG] [REI]  - (-100.00) DefaultPluginImpl of DefaultPluginImpl [roughlyenoughitems]
[16:26:46] [main/DEBUG] [REI]  - (0.00) DefaultRuntimePlugin of DefaultRuntimePlugin [roughlyenoughitems]
[16:26:46] [main/DEBUG] [REI] ========================================
[16:26:46] [main/TRACE] [REI] [REIServerPlugin END] Reloading Section: "post-register/"
[16:26:46] [main/TRACE] [REI] [REIServerPlugin END] Reloading Section: "post-register/DefaultPluginImpl of DefaultPluginImpl [roughlyenoughitems]/"
[16:26:46] [main/TRACE] [REI] [REIServerPlugin END] Reloading Section: "post-register/DefaultPluginImpl of DefaultPluginImpl [roughlyenoughitems]/" done in 6.800 μs
[16:26:46] [main/TRACE] [REI] [REIServerPlugin END] Reloading Section: "post-register/DefaultRuntimePlugin of DefaultRuntimePlugin [roughlyenoughitems]/"
[16:26:46] [main/TRACE] [REI] [REIServerPlugin END] Reloading Section: "post-register/DefaultRuntimePlugin of DefaultRuntimePlugin [roughlyenoughitems]/" done in 5.400 μs
[16:26:46] [main/TRACE] [REI] [REIServerPlugin END] Reloading Section: "post-register/" done in 135.7 μs
[16:26:46] [main/TRACE] [REI] [REIServerPlugin END] Reloading Section: "post-stage/"
[16:26:46] [main/TRACE] [REI] [REIServerPlugin END] Reloading Section: "post-stage/MenuInfoRegistryImpl/"
[16:26:46] [main/TRACE] [REI] [REIServerPlugin END] Reloading Section: "post-stage/MenuInfoRegistryImpl/" done in 4.300 μs
[16:26:46] [main/TRACE] [REI] [REIServerPlugin END] Reloading Section: "post-stage/SlotAccessorRegistryImpl/"
[16:26:46] [main/TRACE] [REI] [REIServerPlugin END] Reloading Section: "post-stage/SlotAccessorRegistryImpl/" done in 3.600 μs
[16:26:46] [main/TRACE] [REI] [REIServerPlugin END] Reloading Section: "post-stage/" done in 122.2 μs
[16:26:46] [main/DEBUG] [REI] ========================================
[16:26:46] [main/INFO] [REI] REIServerPlugin finished post-reload for END in 351.6 μs, totaling 5.663 ms.
[16:26:46] [main/DEBUG] [REI] ========================================
